2025-03-11 19:20:00 | WARN | repo=pv243-a4m36jee-2016-security-seminar | action=edit | files=5
2025-07-09 21:21:00 | INFO | repo=pv243-a4m36jee-2016-security-seminar | action=commit
2025-01-04 18:14:00 | INFO | repo=pv243-a4m36jee-2016-security-seminar | action=commit
2025-08-09 11:01:00 | WARN | repo=pv243-a4m36jee-2016-security-seminar | action=commit
2025-10-09 21:28:00 | WARN | repo=pv243-a4m36jee-2016-security-seminar | action=commit
2025-07-26 20:45:00 | WARN | repo=pv243-a4m36jee-2016-security-seminar | action=pull
2025-11-18 19:52:00 | INFO | repo=pv243-a4m36jee-2016-security-seminar | action=commit
2025-05-06 16:41:00 | WARN | repo=pv243-a4m36jee-2016-security-seminar | action=commit
2025-08-23 16:24:00 | DEBUG | repo=pv243-a4m36jee-2016-security-seminar | action=commit
2025-11-17 11:35:00 | WARN | repo=pv243-a4m36jee-2016-security-seminar | action=commit
2025-12-28 09:01:00 | WARN | repo=pv243-a4m36jee-2016-security-seminar | action=commit
2025-12-26 10:38:00 | INFO | repo=pv243-a4m36jee-2016-security-seminar | action=commit
2025-09-09 19:31:00 | INFO | repo=pv243-a4m36jee-2016-security-seminar | action=commit
2025-08-16 10:48:00 | DEBUG | repo=pv243-a4m36jee-2016-security-seminar | action=commit
2025-01-27 07:07:00 | WARN | repo=pv243-a4m36jee-2016-security-seminar | action=commit
2025-07-08 08:21:00 | INFO | repo=pv243-a4m36jee-2016-security-seminar | action=commit
2025-05-27 17:57:00 | DEBUG | repo=pv243-a4m36jee-2016-security-seminar | action=commit
2025-10-10 19:55:00 | WARN | repo=pv243-a4m36jee-2016-security-seminar | action=commit
2025-05-08 10:01:00 | INFO | repo=pv243-a4m36jee-2016-security-seminar | action=commit
2025-12-23 09:41:00 | WARN | repo=pv243-a4m36jee-2016-security-seminar | action=commit
2025-12-15 12:07:00 | WARN | repo=pv243-a4m36jee-2016-security-seminar | action=pull
2025-06-20 12:09:00 | WARN | repo=pv243-a4m36jee-2016-security-seminar | action=commit
2025-02-26 07:07:00 | DEBUG | repo=pv243-a4m36jee-2016-security-seminar | action=test | passed=true
2025-04-13 13:43:00 | INFO | repo=pv243-a4m36jee-2016-security-seminar | action=commit
2025-07-07 17:35:00 | WARN | repo=pv243-a4m36jee-2016-security-seminar | action=commit
2025-03-08 07:38:00 | WARN | repo=pv243-a4m36jee-2016-security-seminar | action=commit
2025-09-28 10:08:00 | WARN | repo=pv243-a4m36jee-2016-security-seminar | action=commit
2025-01-25 10:22:00 | WARN | repo=pv243-a4m36jee-2016-security-seminar | action=commit
2025-12-09 21:52:00 | WARN | repo=pv243-a4m36jee-2016-security-seminar | action=commit
2025-06-25 16:29:00 | INFO | repo=pv243-a4m36jee-2016-security-seminar | action=commit
2025-04-21 19:14:00 | DEBUG | repo=pv243-a4m36jee-2016-security-seminar | action=commit
2025-07-19 20:57:00 | INFO | repo=pv243-a4m36jee-2016-security-seminar | action=test | passed=true
2025-03-11 10:36:00 | DEBUG | repo=pv243-a4m36jee-2016-security-seminar | action=test | passed=true
2025-01-01 21:34:00 | INFO | repo=pv243-a4m36jee-2016-security-seminar | action=commit
2025-05-20 14:14:00 | DEBUG | repo=pv243-a4m36jee-2016-security-seminar | action=commit
2025-08-25 12:09:00 | DEBUG | repo=pv243-a4m36jee-2016-security-seminar | action=test | passed=true
2025-07-26 20:53:00 | DEBUG | repo=pv243-a4m36jee-2016-security-seminar | action=pull
2025-01-26 17:11:00 | DEBUG | repo=pv243-a4m36jee-2016-security-seminar | action=pull
2025-05-07 08:20:00 | DEBUG | repo=pv243-a4m36jee-2016-security-seminar | action=commit
2025-04-11 10:33:00 | INFO | repo=pv243-a4m36jee-2016-security-seminar | action=commit
2025-12-22 15:51:00 | WARN | repo=pv243-a4m36jee-2016-security-seminar | action=edit | files=4
2025-02-17 12:34:00 | WARN | repo=pv243-a4m36jee-2016-security-seminar | action=commit
2025-09-20 19:42:00 | DEBUG | repo=pv243-a4m36jee-2016-security-seminar | action=commit
2025-03-08 14:46:00 | DEBUG | repo=pv243-a4m36jee-2016-security-seminar | action=commit
2025-09-04 10:29:00 | WARN | repo=pv243-a4m36jee-2016-security-seminar | action=commit
2025-04-14 14:58:00 | DEBUG | repo=pv243-a4m36jee-2016-security-seminar | action=commit
2025-06-09 18:55:00 | WARN | repo=pv243-a4m36jee-2016-security-seminar | action=edit | files=1
2025-11-28 16:52:00 | INFO | repo=pv243-a4m36jee-2016-security-seminar | action=commit
2025-06-17 20:23:00 | DEBUG | repo=pv243-a4m36jee-2016-security-seminar | action=test | passed=true
2025-12-22 18:04:00 | INFO | repo=pv243-a4m36jee-2016-security-seminar | action=commit
2025-02-12 19:38:00 | INFO | repo=pv243-a4m36jee-2016-security-seminar | action=commit
